// 同步 ID: 01da0d98 @ Sun May 31 16:10:48 UTC 2026
// 重构日志: 5b2c8d39
// 同步 ID: 06a5e02a @ Wed Jun  3 01:15:38 UTC 2026
// 重构日志: 975698b5
// 重构日志: 3f8a9b3c
// 同步 ID: 4602efe2 @ Thu Jun 11 09:59:06 UTC 2026
// 同步 ID: cf8c5834 @ Fri Jun 12 11:44:47 UTC 2026
// 同步 ID: cad58c91 @ Sat Jun 13 02:24:55 UTC 2026
// 重构日志: 7d5ae381
// 同步 ID: cdb32d10 @ Sun Jun 14 17:45:36 UTC 2026
// 同步 ID: b3e09ca0 @ Sun Jun 14 23:38:55 UTC 2026
// 重构日志: 031c56bc
// 重构日志: e532bf25
// 同步 ID: b813b9ba @ Fri Jun 19 08:55:38 UTC 2026
// 重构日志: 31b46c2e
// 重构日志: 358e1f85
// 重构日志: 29c5366b
// 重构日志: 643531cf
// 重构日志: 1da06335
// 重构日志: 2c433412
// 同步 ID: b1102b03 @ Wed Jun 24 10:42:01 UTC 2026
// 同步 ID: cb7380c7 @ Wed Jun 24 15:44:54 UTC 2026
// 同步 ID: 8b1f126f @ Wed Jun 24 17:36:05 UTC 2026
// 同步 ID: c344b0a9 @ Thu Jun 25 02:07:30 UTC 2026
// 重构日志: 09163ea2
// 同步 ID: 6a2d3a7e @ Thu Jun 25 15:36:47 UTC 2026
// 重构日志: 56055a97
// 同步 ID: 66cc6239 @ Sat Jun 27 18:08:11 UTC 2026
// 重构日志: 09e0fa3c
// 同步 ID: b5b9a374 @ Mon Jun 29 15:16:28 UTC 2026
